0 info it worked if it ends with ok
1 verbose cli [ '/usr/local/bin/node', '/usr/local/bin/npm', 'run', 'ios' ]
2 info using npm@3.9.5
3 info using node@v6.2.2
4 verbose run-script [ 'preios', 'ios', 'postios' ]
5 info lifecycle netease-jukebox@0.0.1~preios: netease-jukebox@0.0.1
6 silly lifecycle netease-jukebox@0.0.1~preios: no script for preios, continuing
7 info lifecycle netease-jukebox@0.0.1~ios: netease-jukebox@0.0.1
8 verbose lifecycle netease-jukebox@0.0.1~ios: unsafe-perm in lifecycle true
9 verbose lifecycle netease-jukebox@0.0.1~ios: PATH: /usr/local/lib/node_modules/npm/bin/node-gyp-bin:/Users/liucong/Projects/jukebox/node_modules/.bin:/usr/local/bin:/Users/liucong/.rvm/gems/ruby-2.2.2/bin:/Users/liucong/.rvm/gems/ruby-2.2.2@global/bin:/Users/liucong/.rvm/rubies/ruby-2.2.2/bin:/usr/local/bin:/usr/bin:/bin:/usr/sbin:/sbin:/Users/liucong/.rvm/bin:/usr/local/go
10 verbose lifecycle netease-jukebox@0.0.1~ios: CWD: /Users/liucong/Projects/jukebox
11 silly lifecycle netease-jukebox@0.0.1~ios: Args: [ '-c',
11 silly lifecycle   'node node_modules/react-native/local-cli/cli.js run-ios' ]
12 silly lifecycle netease-jukebox@0.0.1~ios: Returned: code: 1  signal: null
13 info lifecycle netease-jukebox@0.0.1~ios: Failed to exec ios script
14 verbose stack Error: netease-jukebox@0.0.1 ios: `node node_modules/react-native/local-cli/cli.js run-ios`
14 verbose stack Exit status 1
14 verbose stack     at EventEmitter.<anonymous> (/usr/local/lib/node_modules/npm/lib/utils/lifecycle.js:245:16)
14 verbose stack     at emitTwo (events.js:106:13)
14 verbose stack     at EventEmitter.emit (events.js:191:7)
14 verbose stack     at ChildProcess.<anonymous> (/usr/local/lib/node_modules/npm/lib/utils/spawn.js:24:14)
14 verbose stack     at emitTwo (events.js:106:13)
14 verbose stack     at ChildProcess.emit (events.js:191:7)
14 verbose stack     at maybeClose (internal/child_process.js:852:16)
14 verbose stack     at Process.ChildProcess._handle.onexit (internal/child_process.js:215:5)
15 verbose pkgid netease-jukebox@0.0.1
16 verbose cwd /Users/liucong/Projects/jukebox
17 error Darwin 15.0.0
18 error argv "/usr/local/bin/node" "/usr/local/bin/npm" "run" "ios"
19 error node v6.2.2
20 error npm  v3.9.5
21 error code ELIFECYCLE
22 error netease-jukebox@0.0.1 ios: `node node_modules/react-native/local-cli/cli.js run-ios`
22 error Exit status 1
23 error Failed at the netease-jukebox@0.0.1 ios script 'node node_modules/react-native/local-cli/cli.js run-ios'.
23 error Make sure you have the latest version of node.js and npm installed.
23 error If you do, this is most likely a problem with the netease-jukebox package,
23 error not with npm itself.
23 error Tell the author that this fails on your system:
23 error     node node_modules/react-native/local-cli/cli.js run-ios
23 error You can get information on how to open an issue for this project with:
23 error     npm bugs netease-jukebox
23 error Or if that isn't available, you can get their info via:
23 error     npm owner ls netease-jukebox
23 error There is likely additional logging output above.
24 verbose exit [ 1, true ]
